This file contains any messages produced by compilers while
running configure, to aid debugging if configure makes a mistake.

It was created by sofsip-cli configure 0.16, which was
generated by GNU Autoconf 2.59.  Invocation command line was

  $ ./configure --no-create --no-recursion

## --------- ##
## Platform. ##
## --------- ##

hostname = russells-VirtualBox
uname -m = x86_64
uname -r = 3.2.0-52-generic
uname -s = Linux
uname -v = #78-Ubuntu SMP Fri Jul 26 16:21:44 UTC 2013

/usr/bin/uname -p = unknown
/bin/uname -X     = unknown

/bin/arch              = unknown
/usr/bin/arch -k       = unknown
/usr/convex/getsysinfo = unknown
hostinfo               = unknown
/bin/machine           = unknown
/usr/bin/oslevel       = unknown
/bin/universe          = unknown

PATH: /usr/lib/lightdm/lightdm
PATH: /usr/local/sbin
PATH: /usr/local/bin
PATH: /usr/sbin
PATH: /usr/bin
PATH: /sbin
PATH: /bin
PATH: /usr/games


## ----------- ##
## Core tests. ##
## ----------- ##

configure:1639: checking for a BSD-compatible install
configure:1694: result: /usr/bin/install -c
configure:1705: checking whether build environment is sane
configure:1748: result: yes
configure:1813: checking for gawk
configure:1842: result: no
configure:1813: checking for mawk
configure:1829: found /usr/bin/mawk
configure:1839: result: mawk
configure:1849: checking whether make sets $(MAKE)
configure:1869: result: yes
configure:2037: checking whether to enable maintainer-specific portions of Makefiles
configure:2046: result: no
configure:2110: checking for gcc
configure:2126: found /usr/bin/gcc
configure:2136: result: gcc
configure:2380: checking for C compiler version
configure:2383: gcc --version </dev/null >&5
gcc (Ubuntu/Linaro 4.6.3-1ubuntu5) 4.6.3
Copyright (C) 2011 Free Software Foundation, Inc.
This is free software; see the source for copying conditions.  There is NO
warranty; not even for MERCHANTABILITY or FITNESS FOR A PARTICULAR PURPOSE.

configure:2386: $? = 0
configure:2388: gcc -v </dev/null >&5
Using built-in specs.
COLLECT_GCC=gcc
COLLECT_LTO_WRAPPER=/usr/lib/gcc/x86_64-linux-gnu/4.6/lto-wrapper
Target: x86_64-linux-gnu
Configured with: ../src/configure -v --with-pkgversion='Ubuntu/Linaro 4.6.3-1ubuntu5' --with-bugurl=file:///usr/share/doc/gcc-4.6/README.Bugs --enable-languages=c,c++,fortran,objc,obj-c++ --prefix=/usr --program-suffix=-4.6 --enable-shared --enable-linker-build-id --with-system-zlib --libexecdir=/usr/lib --without-included-gettext --enable-threads=posix --with-gxx-include-dir=/usr/include/c++/4.6 --libdir=/usr/lib --enable-nls --with-sysroot=/ --enable-clocale=gnu --enable-libstdcxx-debug --enable-libstdcxx-time=yes --enable-gnu-unique-object --enable-plugin --enable-objc-gc --disable-werror --with-arch-32=i686 --with-tune=generic --enable-checking=release --build=x86_64-linux-gnu --host=x86_64-linux-gnu --target=x86_64-linux-gnu
Thread model: posix
gcc version 4.6.3 (Ubuntu/Linaro 4.6.3-1ubuntu5) 
configure:2391: $? = 0
configure:2393: gcc -V </dev/null >&5
gcc: error: unrecognized option '-V'
gcc: fatal error: no input files
compilation terminated.
configure:2396: $? = 4
configure:2419: checking for C compiler default output file name
configure:2422: gcc    conftest.c  >&5
configure:2425: $? = 0
configure:2471: result: a.out
configure:2476: checking whether the C compiler works
configure:2482: ./a.out
configure:2485: $? = 0
configure:2502: result: yes
configure:2509: checking whether we are cross compiling
configure:2511: result: no
configure:2514: checking for suffix of executables
configure:2516: gcc -o conftest    conftest.c  >&5
configure:2519: $? = 0
configure:2544: result: 
configure:2550: checking for suffix of object files
configure:2571: gcc -c   conftest.c >&5
configure:2574: $? = 0
configure:2596: result: o
configure:2600: checking whether we are using the GNU C compiler
configure:2624: gcc -c   conftest.c >&5
configure:2630: $? = 0
configure:2633: test -z 			 || test ! -s conftest.err
configure:2636: $? = 0
configure:2639: test -s conftest.o
configure:2642: $? = 0
configure:2655: result: yes
configure:2661: checking whether gcc accepts -g
configure:2682: gcc -c -g  conftest.c >&5
configure:2688: $? = 0
configure:2691: test -z 			 || test ! -s conftest.err
configure:2694: $? = 0
configure:2697: test -s conftest.o
configure:2700: $? = 0
configure:2711: result: yes
configure:2728: checking for gcc option to accept ANSI C
configure:2798: gcc  -c -g -O2  conftest.c >&5
configure:2804: $? = 0
configure:2807: test -z 			 || test ! -s conftest.err
configure:2810: $? = 0
configure:2813: test -s conftest.o
configure:2816: $? = 0
configure:2834: result: none needed
configure:2852: gcc -c -g -O2  conftest.c >&5
conftest.c:2:3: error: unknown type name 'choke'
conftest.c:2:3: error: expected '=', ',', ';', 'asm' or '__attribute__' at end of input
configure:2858: $? = 1
configure: failed program was:
| #ifndef __cplusplus
|   choke me
| #endif
configure:2999: checking for style of include used by make
configure:3027: result: GNU
configure:3055: checking dependency style of gcc
configure:3145: result: gcc3
configure:3175: checking for a BSD-compatible install
configure:3230: result: /usr/bin/install -c
configure:3246: checking how to run the C preprocessor
configure:3281: gcc -E  conftest.c
configure:3287: $? = 0
configure:3319: gcc -E  conftest.c
conftest.c:11:28: fatal error: ac_nonexistent.h: No such file or directory
compilation terminated.
configure:3325: $? = 1
configure: failed program was:
| /* confdefs.h.  */
| 
| #define PACKAGE_NAME "sofsip-cli"
| #define PACKAGE_TARNAME "sofsip-cli"
| #define PACKAGE_VERSION "0.16"
| #define PACKAGE_STRING "sofsip-cli 0.16"
| #define PACKAGE_BUGREPORT ""
| #define PACKAGE "sofsip-cli"
| #define VERSION "0.16"
| /* end confdefs.h.  */
| #include <ac_nonexistent.h>
configure:3364: result: gcc -E
configure:3388: gcc -E  conftest.c
configure:3394: $? = 0
configure:3426: gcc -E  conftest.c
conftest.c:11:28: fatal error: ac_nonexistent.h: No such file or directory
compilation terminated.
configure:3432: $? = 1
configure: failed program was:
| /* confdefs.h.  */
| 
| #define PACKAGE_NAME "sofsip-cli"
| #define PACKAGE_TARNAME "sofsip-cli"
| #define PACKAGE_VERSION "0.16"
| #define PACKAGE_STRING "sofsip-cli 0.16"
| #define PACKAGE_BUGREPORT ""
| #define PACKAGE "sofsip-cli"
| #define VERSION "0.16"
| /* end confdefs.h.  */
| #include <ac_nonexistent.h>
configure:3477: checking for etags
configure:3493: found /usr/bin/etags
configure:3504: result: etags
configure:3552: checking for ar
configure:3568: found /usr/bin/ar
configure:3579: result: ar
configure:3632: checking for ld
configure:3648: found /usr/bin/ld
configure:3659: result: ld
configure:3749: checking build system type
configure:3767: result: x86_64-unknown-linux-gnu
configure:3775: checking host system type
configure:3789: result: x86_64-unknown-linux-gnu
configure:3797: checking for a sed that does not truncate output
configure:3851: result: /bin/sed
configure:3854: checking for egrep
configure:3864: result: grep -E
configure:3880: checking for ld used by gcc
configure:3947: result: ld
configure:3956: checking if the linker (ld) is GNU ld
configure:3971: result: yes
configure:3976: checking for ld option to reload object files
configure:3983: result: -r
configure:4001: checking for BSD-compatible nm
configure:4050: result: /usr/bin/nm -B
configure:4054: checking whether ln -s works
configure:4058: result: yes
configure:4065: checking how to recognise dependent libraries
configure:4241: result: pass_all
configure:4329: gcc -c -g -O2  conftest.c >&5
configure:4332: $? = 0
configure:4473: checking for ANSI C header files
configure:4498: gcc -c -g -O2  conftest.c >&5
configure:4504: $? = 0
configure:4507: test -z 			 || test ! -s conftest.err
configure:4510: $? = 0
configure:4513: test -s conftest.o
configure:4516: $? = 0
configure:4605: gcc -o conftest -g -O2   conftest.c  >&5
conftest.c: In function 'main':
conftest.c:28:7: warning: incompatible implicit declaration of built-in function 'exit' [enabled by default]
configure:4608: $? = 0
configure:4610: ./conftest
configure:4613: $? = 0
configure:4628: result: yes
configure:4652: checking for sys/types.h
configure:4668: gcc -c -g -O2  conftest.c >&5
configure:4674: $? = 0
configure:4677: test -z 			 || test ! -s conftest.err
configure:4680: $? = 0
configure:4683: test -s conftest.o
configure:4686: $? = 0
configure:4697: result: yes
configure:4652: checking for sys/stat.h
configure:4668: gcc -c -g -O2  conftest.c >&5
configure:4674: $? = 0
configure:4677: test -z 			 || test ! -s conftest.err
configure:4680: $? = 0
configure:4683: test -s conftest.o
configure:4686: $? = 0
configure:4697: result: yes
configure:4652: checking for stdlib.h
configure:4668: gcc -c -g -O2  conftest.c >&5
configure:4674: $? = 0
configure:4677: test -z 			 || test ! -s conftest.err
configure:4680: $? = 0
configure:4683: test -s conftest.o
configure:4686: $? = 0
configure:4697: result: yes
configure:4652: checking for string.h
configure:4668: gcc -c -g -O2  conftest.c >&5
configure:4674: $? = 0
configure:4677: test -z 			 || test ! -s conftest.err
configure:4680: $? = 0
configure:4683: test -s conftest.o
configure:4686: $? = 0
configure:4697: result: yes
configure:4652: checking for memory.h
configure:4668: gcc -c -g -O2  conftest.c >&5
configure:4674: $? = 0
configure:4677: test -z 			 || test ! -s conftest.err
configure:4680: $? = 0
configure:4683: test -s conftest.o
configure:4686: $? = 0
configure:4697: result: yes
configure:4652: checking for strings.h
configure:4668: gcc -c -g -O2  conftest.c >&5
configure:4674: $? = 0
configure:4677: test -z 			 || test ! -s conftest.err
configure:4680: $? = 0
configure:4683: test -s conftest.o
configure:4686: $? = 0
configure:4697: result: yes
configure:4652: checking for inttypes.h
configure:4668: gcc -c -g -O2  conftest.c >&5
configure:4674: $? = 0
configure:4677: test -z 			 || test ! -s conftest.err
configure:4680: $? = 0
configure:4683: test -s conftest.o
configure:4686: $? = 0
configure:4697: result: yes
configure:4652: checking for stdint.h
configure:4668: gcc -c -g -O2  conftest.c >&5
configure:4674: $? = 0
configure:4677: test -z 			 || test ! -s conftest.err
configure:4680: $? = 0
configure:4683: test -s conftest.o
configure:4686: $? = 0
configure:4697: result: yes
configure:4652: checking for unistd.h
configure:4668: gcc -c -g -O2  conftest.c >&5
configure:4674: $? = 0
configure:4677: test -z 			 || test ! -s conftest.err
configure:4680: $? = 0
configure:4683: test -s conftest.o
configure:4686: $? = 0
configure:4697: result: yes
configure:4723: checking dlfcn.h usability
configure:4735: gcc -c -g -O2  conftest.c >&5
configure:4741: $? = 0
configure:4744: test -z 			 || test ! -s conftest.err
configure:4747: $? = 0
configure:4750: test -s conftest.o
configure:4753: $? = 0
configure:4763: result: yes
configure:4767: checking dlfcn.h presence
configure:4777: gcc -E  conftest.c
configure:4783: $? = 0
configure:4803: result: yes
configure:4838: checking for dlfcn.h
configure:4845: result: yes
configure:4910: checking for g++
configure:4926: found /usr/bin/g++
configure:4936: result: g++
configure:4952: checking for C++ compiler version
configure:4955: g++ --version </dev/null >&5
g++ (Ubuntu/Linaro 4.6.3-1ubuntu5) 4.6.3
Copyright (C) 2011 Free Software Foundation, Inc.
This is free software; see the source for copying conditions.  There is NO
warranty; not even for MERCHANTABILITY or FITNESS FOR A PARTICULAR PURPOSE.

configure:4958: $? = 0
configure:4960: g++ -v </dev/null >&5
Using built-in specs.
COLLECT_GCC=g++
COLLECT_LTO_WRAPPER=/usr/lib/gcc/x86_64-linux-gnu/4.6/lto-wrapper
Target: x86_64-linux-gnu
Configured with: ../src/configure -v --with-pkgversion='Ubuntu/Linaro 4.6.3-1ubuntu5' --with-bugurl=file:///usr/share/doc/gcc-4.6/README.Bugs --enable-languages=c,c++,fortran,objc,obj-c++ --prefix=/usr --program-suffix=-4.6 --enable-shared --enable-linker-build-id --with-system-zlib --libexecdir=/usr/lib --without-included-gettext --enable-threads=posix --with-gxx-include-dir=/usr/include/c++/4.6 --libdir=/usr/lib --enable-nls --with-sysroot=/ --enable-clocale=gnu --enable-libstdcxx-debug --enable-libstdcxx-time=yes --enable-gnu-unique-object --enable-plugin --enable-objc-gc --disable-werror --with-arch-32=i686 --with-tune=generic --enable-checking=release --build=x86_64-linux-gnu --host=x86_64-linux-gnu --target=x86_64-linux-gnu
Thread model: posix
gcc version 4.6.3 (Ubuntu/Linaro 4.6.3-1ubuntu5) 
configure:4963: $? = 0
configure:4965: g++ -V </dev/null >&5
g++: error: unrecognized option '-V'
g++: fatal error: no input files
compilation terminated.
configure:4968: $? = 4
configure:4971: checking whether we are using the GNU C++ compiler
configure:4995: g++ -c   conftest.cc >&5
configure:5001: $? = 0
configure:5004: test -z 			 || test ! -s conftest.err
configure:5007: $? = 0
configure:5010: test -s conftest.o
configure:5013: $? = 0
configure:5026: result: yes
configure:5032: checking whether g++ accepts -g
configure:5053: g++ -c -g  conftest.cc >&5
configure:5059: $? = 0
configure:5062: test -z 			 || test ! -s conftest.err
configure:5065: $? = 0
configure:5068: test -s conftest.o
configure:5071: $? = 0
configure:5082: result: yes
configure:5124: g++ -c -g -O2  conftest.cc >&5
configure:5130: $? = 0
configure:5133: test -z 			 || test ! -s conftest.err
configure:5136: $? = 0
configure:5139: test -s conftest.o
configure:5142: $? = 0
configure:5168: g++ -c -g -O2  conftest.cc >&5
conftest.cc: In function 'int main()':
conftest.cc:26:9: error: 'exit' was not declared in this scope
configure:5174: $? = 1
configure: failed program was:
| /* confdefs.h.  */
| 
| #define PACKAGE_NAME "sofsip-cli"
| #define PACKAGE_TARNAME "sofsip-cli"
| #define PACKAGE_VERSION "0.16"
| #define PACKAGE_STRING "sofsip-cli 0.16"
| #define PACKAGE_BUGREPORT ""
| #define PACKAGE "sofsip-cli"
| #define VERSION "0.16"
| #define STDC_HEADERS 1
| #define HAVE_SYS_TYPES_H 1
| #define HAVE_SYS_STAT_H 1
| #define HAVE_STDLIB_H 1
| #define HAVE_STRING_H 1
| #define HAVE_MEMORY_H 1
| #define HAVE_STRINGS_H 1
| #define HAVE_INTTYPES_H 1
| #define HAVE_STDINT_H 1
| #define HAVE_UNISTD_H 1
| #define HAVE_DLFCN_H 1
| /* end confdefs.h.  */
| 
| int
| main ()
| {
| exit (42);
|   ;
|   return 0;
| }
configure:5124: g++ -c -g -O2  conftest.cc >&5
conftest.cc:22:40: error: 'void std::exit(int)' should have been declared inside 'std'
configure:5130: $? = 1
configure: failed program was:
| /* confdefs.h.  */
| 
| #define PACKAGE_NAME "sofsip-cli"
| #define PACKAGE_TARNAME "sofsip-cli"
| #define PACKAGE_VERSION "0.16"
| #define PACKAGE_STRING "sofsip-cli 0.16"
| #define PACKAGE_BUGREPORT ""
| #define PACKAGE "sofsip-cli"
| #define VERSION "0.16"
| #define STDC_HEADERS 1
| #define HAVE_SYS_TYPES_H 1
| #define HAVE_SYS_STAT_H 1
| #define HAVE_STDLIB_H 1
| #define HAVE_STRING_H 1
| #define HAVE_MEMORY_H 1
| #define HAVE_STRINGS_H 1
| #define HAVE_INTTYPES_H 1
| #define HAVE_STDINT_H 1
| #define HAVE_UNISTD_H 1
| #define HAVE_DLFCN_H 1
| /* end confdefs.h.  */
| extern "C" void std::exit (int) throw (); using std::exit;
| #include <stdlib.h>
| int
| main ()
| {
| exit (42);
|   ;
|   return 0;
| }
configure:5124: g++ -c -g -O2  conftest.cc >&5
conftest.cc:22:31: error: 'void std::exit(int)' should have been declared inside 'std'
In file included from conftest.cc:23:0:
/usr/include/stdlib.h:544:70: error: declaration of 'void std::exit(int) throw ()' has a different exception specifier
conftest.cc:22:17: error: from previous declaration 'void std::exit(int)'
configure:5130: $? = 1
configure: failed program was:
| /* confdefs.h.  */
| 
| #define PACKAGE_NAME "sofsip-cli"
| #define PACKAGE_TARNAME "sofsip-cli"
| #define PACKAGE_VERSION "0.16"
| #define PACKAGE_STRING "sofsip-cli 0.16"
| #define PACKAGE_BUGREPORT ""
| #define PACKAGE "sofsip-cli"
| #define VERSION "0.16"
| #define STDC_HEADERS 1
| #define HAVE_SYS_TYPES_H 1
| #define HAVE_SYS_STAT_H 1
| #define HAVE_STDLIB_H 1
| #define HAVE_STRING_H 1
| #define HAVE_MEMORY_H 1
| #define HAVE_STRINGS_H 1
| #define HAVE_INTTYPES_H 1
| #define HAVE_STDINT_H 1
| #define HAVE_UNISTD_H 1
| #define HAVE_DLFCN_H 1
| /* end confdefs.h.  */
| extern "C" void std::exit (int); using std::exit;
| #include <stdlib.h>
| int
| main ()
| {
| exit (42);
|   ;
|   return 0;
| }
configure:5124: g++ -c -g -O2  conftest.cc >&5
configure:5130: $? = 0
configure:5133: test -z 			 || test ! -s conftest.err
configure:5136: $? = 0
configure:5139: test -s conftest.o
configure:5142: $? = 0
configure:5168: g++ -c -g -O2  conftest.cc >&5
configure:5174: $? = 0
configure:5177: test -z 			 || test ! -s conftest.err
configure:5180: $? = 0
configure:5183: test -s conftest.o
configure:5186: $? = 0
configure:5211: checking dependency style of g++
configure:5301: result: gcc3
configure:5328: checking how to run the C++ preprocessor
configure:5359: g++ -E  conftest.cc
configure:5365: $? = 0
configure:5397: g++ -E  conftest.cc
conftest.cc:25:28: fatal error: ac_nonexistent.h: No such file or directory
compilation terminated.
configure:5403: $? = 1
configure: failed program was:
| /* confdefs.h.  */
| 
| #define PACKAGE_NAME "sofsip-cli"
| #define PACKAGE_TARNAME "sofsip-cli"
| #define PACKAGE_VERSION "0.16"
| #define PACKAGE_STRING "sofsip-cli 0.16"
| #define PACKAGE_BUGREPORT ""
| #define PACKAGE "sofsip-cli"
| #define VERSION "0.16"
| #define STDC_HEADERS 1
| #define HAVE_SYS_TYPES_H 1
| #define HAVE_SYS_STAT_H 1
| #define HAVE_STDLIB_H 1
| #define HAVE_STRING_H 1
| #define HAVE_MEMORY_H 1
| #define HAVE_STRINGS_H 1
| #define HAVE_INTTYPES_H 1
| #define HAVE_STDINT_H 1
| #define HAVE_UNISTD_H 1
| #define HAVE_DLFCN_H 1
| #ifdef __cplusplus
| extern "C" void exit (int) throw ();
| #endif
| /* end confdefs.h.  */
| #include <ac_nonexistent.h>
configure:5442: result: g++ -E
configure:5466: g++ -E  conftest.cc
configure:5472: $? = 0
configure:5504: g++ -E  conftest.cc
conftest.cc:25:28: fatal error: ac_nonexistent.h: No such file or directory
compilation terminated.
configure:5510: $? = 1
configure: failed program was:
| /* confdefs.h.  */
| 
| #define PACKAGE_NAME "sofsip-cli"
| #define PACKAGE_TARNAME "sofsip-cli"
| #define PACKAGE_VERSION "0.16"
| #define PACKAGE_STRING "sofsip-cli 0.16"
| #define PACKAGE_BUGREPORT ""
| #define PACKAGE "sofsip-cli"
| #define VERSION "0.16"
| #define STDC_HEADERS 1
| #define HAVE_SYS_TYPES_H 1
| #define HAVE_SYS_STAT_H 1
| #define HAVE_STDLIB_H 1
| #define HAVE_STRING_H 1
| #define HAVE_MEMORY_H 1
| #define HAVE_STRINGS_H 1
| #define HAVE_INTTYPES_H 1
| #define HAVE_STDINT_H 1
| #define HAVE_UNISTD_H 1
| #define HAVE_DLFCN_H 1
| #ifdef __cplusplus
| extern "C" void exit (int) throw ();
| #endif
| /* end confdefs.h.  */
| #include <ac_nonexistent.h>
configure:5607: checking for g77
configure:5636: result: no
configure:5607: checking for f77
configure:5636: result: no
configure:5607: checking for xlf
configure:5636: result: no
configure:5607: checking for frt
configure:5636: result: no
configure:5607: checking for pgf77
configure:5636: result: no
configure:5607: checking for fort77
configure:5636: result: no
configure:5607: checking for fl32
configure:5636: result: no
configure:5607: checking for af77
configure:5636: result: no
configure:5607: checking for f90
configure:5636: result: no
configure:5607: checking for xlf90
configure:5636: result: no
configure:5607: checking for pgf90
configure:5636: result: no
configure:5607: checking for epcf90
configure:5636: result: no
configure:5607: checking for f95
configure:5636: result: no
configure:5607: checking for fort
configure:5636: result: no
configure:5607: checking for xlf95
configure:5636: result: no
configure:5607: checking for ifc
configure:5636: result: no
configure:5607: checking for efc
configure:5636: result: no
configure:5607: checking for pgf95
configure:5636: result: no
configure:5607: checking for lf95
configure:5636: result: no
configure:5607: checking for gfortran
configure:5636: result: no
configure:5648: checking for Fortran 77 compiler version
configure:5651:  --version </dev/null >&5
./configure: line 5652: --version: command not found
configure:5654: $? = 127
configure:5656:  -v </dev/null >&5
./configure: line 5657: -v: command not found
configure:5659: $? = 127
configure:5661:  -V </dev/null >&5
./configure: line 5662: -V: command not found
configure:5664: $? = 127
configure:5672: checking whether we are using the GNU Fortran 77 compiler
configure:5686:  -c  conftest.F >&5
./configure: line 5687: -c: command not found
configure:5692: $? = 127
configure: failed program was:
|       program main
| #ifndef __GNUC__
|        choke me
| #endif
| 
|       end
configure:5717: result: no
configure:5723: checking whether  accepts -g
configure:5735:  -c -g conftest.f >&5
./configure: line 5736: -c: command not found
configure:5741: $? = 127
configure: failed program was:
|       program main
| 
|       end
configure:5765: result: no
configure:5795: checking the maximum length of command line arguments
configure:5904: result: 32768
configure:5915: checking command to parse /usr/bin/nm -B output from gcc object
configure:6020: gcc -c -g -O2  conftest.c >&5
configure:6023: $? = 0
configure:6027: /usr/bin/nm -B conftest.o \| sed -n -e 's/^.*[ 	]\([ABCDGIRSTW][ABCDGIRSTW]*\)[ 	][ 	]*\([_A-Za-z][_A-Za-z0-9]*\)$/\1 \2 \2/p' \> conftest.nm
configure:6030: $? = 0
configure:6082: gcc -o conftest -g -O2   conftest.c conftstm.o >&5
configure:6085: $? = 0
configure:6123: result: ok
configure:6127: checking for objdir
configure:6142: result: .libs
configure:6232: checking for ar
configure:6259: result: ar
configure:6312: checking for ranlib
configure:6328: found /usr/bin/ranlib
configure:6339: result: ranlib
configure:6392: checking for strip
configure:6408: found /usr/bin/strip
configure:6419: result: strip
configure:6691: checking if gcc supports -fno-rtti -fno-exceptions
configure:6709: gcc -c -g -O2  -fno-rtti -fno-exceptions conftest.c >&5
cc1: warning: command line option '-fno-rtti' is valid for C++/ObjC++ but not for C [enabled by default]
configure:6713: $? = 0
configure:6726: result: no
configure:6741: checking for gcc option to produce PIC
configure:6951: result: -fPIC
configure:6959: checking if gcc PIC flag -fPIC works
configure:6977: gcc -c -g -O2  -fPIC -DPIC conftest.c >&5
configure:6981: $? = 0
configure:6994: result: yes
configure:7022: checking if gcc static flag -static works
configure:7050: result: yes
configure:7060: checking if gcc supports -c -o file.o
configure:7081: gcc -c -g -O2  -o out/conftest2.o conftest.c >&5
configure:7085: $? = 0
configure:7107: result: yes
configure:7133: checking whether the gcc linker (ld -m elf_x86_64) supports shared libraries
configure:8099: result: yes
configure:8120: checking whether -lc should be explicitly linked in
configure:8125: gcc -c -g -O2  conftest.c >&5
configure:8128: $? = 0
configure:8143: gcc -shared conftest.o  -v -Wl,-soname -Wl,conftest -o conftest 2\>\&1 \| grep  -lc  \>/dev/null 2\>\&1
configure:8146: $? = 0
configure:8158: result: no
configure:8166: checking dynamic linker characteristics
configure:8766: result: GNU/Linux ld.so
configure:8775: checking how to hardcode library paths into programs
configure:8800: result: immediate
configure:8814: checking whether stripping libraries is possible
configure:8819: result: yes
configure:9646: checking if libtool supports shared libraries
configure:9648: result: yes
configure:9651: checking whether to build shared libraries
configure:9672: result: yes
configure:9675: checking whether to build static libraries
configure:9679: result: yes
configure:9771: creating libtool
configure:10359: checking for ld used by g++
configure:10426: result: ld -m elf_x86_64
configure:10435: checking if the linker (ld -m elf_x86_64) is GNU ld
configure:10450: result: yes
configure:10501: checking whether the g++ linker (ld -m elf_x86_64) supports shared libraries
configure:11437: result: yes
configure:11455: g++ -c -g -O2  conftest.cpp >&5
configure:11458: $? = 0
configure:11577: checking for g++ option to produce PIC
configure:11851: result: -fPIC
configure:11859: checking if g++ PIC flag -fPIC works
configure:11877: g++ -c -g -O2  -fPIC -DPIC conftest.cpp >&5
configure:11881: $? = 0
configure:11894: result: yes
configure:11922: checking if g++ static flag -static works
configure:11950: result: yes
configure:11960: checking if g++ supports -c -o file.o
configure:11981: g++ -c -g -O2  -o out/conftest2.o conftest.cpp >&5
configure:11985: $? = 0
configure:12007: result: yes
configure:12033: checking whether the g++ linker (ld -m elf_x86_64) supports shared libraries
configure:12064: result: yes
configure:12131: checking dynamic linker characteristics
configure:12731: result: GNU/Linux ld.so
configure:12740: checking how to hardcode library paths into programs
configure:12765: result: immediate
configure:18959: checking for pthread_create in -lpthread
configure:18989: gcc -o conftest -g -O2   conftest.c -lpthread   >&5
configure:18995: $? = 0
configure:18998: test -z 			 || test ! -s conftest.err
configure:19001: $? = 0
configure:19004: test -s conftest
configure:19007: $? = 0
configure:19020: result: yes
configure:19047: checking netinet/in.h usability
configure:19059: gcc -c -g -O2  conftest.c >&5
configure:19065: $? = 0
configure:19068: test -z 			 || test ! -s conftest.err
configure:19071: $? = 0
configure:19074: test -s conftest.o
configure:19077: $? = 0
configure:19087: result: yes
configure:19091: checking netinet/in.h presence
configure:19101: gcc -E  conftest.c
configure:19107: $? = 0
configure:19127: result: yes
configure:19162: checking for netinet/in.h
configure:19169: result: yes
configure:19196: checking winsock2.h usability
configure:19208: gcc -c -g -O2  conftest.c >&5
conftest.c:61:22: fatal error: winsock2.h: No such file or directory
compilation terminated.
configure:19214: $? = 1
configure: failed program was:
| /* confdefs.h.  */
| 
| #define PACKAGE_NAME "sofsip-cli"
| #define PACKAGE_TARNAME "sofsip-cli"
| #define PACKAGE_VERSION "0.16"
| #define PACKAGE_STRING "sofsip-cli 0.16"
| #define PACKAGE_BUGREPORT ""
| #define PACKAGE "sofsip-cli"
| #define VERSION "0.16"
| #define STDC_HEADERS 1
| #define HAVE_SYS_TYPES_H 1
| #define HAVE_SYS_STAT_H 1
| #define HAVE_STDLIB_H 1
| #define HAVE_STRING_H 1
| #define HAVE_MEMORY_H 1
| #define HAVE_STRINGS_H 1
| #define HAVE_INTTYPES_H 1
| #define HAVE_STDINT_H 1
| #define HAVE_UNISTD_H 1
| #define HAVE_DLFCN_H 1
| #ifdef __cplusplus
| extern "C" void exit (int) throw ();
| #endif
| #define HAVE_LIBPTHREAD 1
| #define HAVE_NETINET_IN_H 1
| /* end confdefs.h.  */
| #include <stdio.h>
| #if HAVE_SYS_TYPES_H
| # include <sys/types.h>
| #endif
| #if HAVE_SYS_STAT_H
| # include <sys/stat.h>
| #endif
| #if STDC_HEADERS
| # include <stdlib.h>
| # include <stddef.h>
| #else
| # if HAVE_STDLIB_H
| #  include <stdlib.h>
| # endif
| #endif
| #if HAVE_STRING_H
| # if !STDC_HEADERS && HAVE_MEMORY_H
| #  include <memory.h>
| # endif
| # include <string.h>
| #endif
| #if HAVE_STRINGS_H
| # include <strings.h>
| #endif
| #if HAVE_INTTYPES_H
| # include <inttypes.h>
| #else
| # if HAVE_STDINT_H
| #  include <stdint.h>
| # endif
| #endif
| #if HAVE_UNISTD_H
| # include <unistd.h>
| #endif
| #include <winsock2.h>
configure:19236: result: no
configure:19240: checking winsock2.h presence
configure:19250: gcc -E  conftest.c
conftest.c:27:22: fatal error: winsock2.h: No such file or directory
compilation terminated.
configure:19256: $? = 1
configure: failed program was:
| /* confdefs.h.  */
| 
| #define PACKAGE_NAME "sofsip-cli"
| #define PACKAGE_TARNAME "sofsip-cli"
| #define PACKAGE_VERSION "0.16"
| #define PACKAGE_STRING "sofsip-cli 0.16"
| #define PACKAGE_BUGREPORT ""
| #define PACKAGE "sofsip-cli"
| #define VERSION "0.16"
| #define STDC_HEADERS 1
| #define HAVE_SYS_TYPES_H 1
| #define HAVE_SYS_STAT_H 1
| #define HAVE_STDLIB_H 1
| #define HAVE_STRING_H 1
| #define HAVE_MEMORY_H 1
| #define HAVE_STRINGS_H 1
| #define HAVE_INTTYPES_H 1
| #define HAVE_STDINT_H 1
| #define HAVE_UNISTD_H 1
| #define HAVE_DLFCN_H 1
| #ifdef __cplusplus
| extern "C" void exit (int) throw ();
| #endif
| #define HAVE_LIBPTHREAD 1
| #define HAVE_NETINET_IN_H 1
| /* end confdefs.h.  */
| #include <winsock2.h>
configure:19276: result: no
configure:19311: checking for winsock2.h
configure:19318: result: no
configure:19345: checking ws2tcpip.h usability
configure:19357: gcc -c -g -O2  conftest.c >&5
conftest.c:61:22: fatal error: ws2tcpip.h: No such file or directory
compilation terminated.
configure:19363: $? = 1
configure: failed program was:
| /* confdefs.h.  */
| 
| #define PACKAGE_NAME "sofsip-cli"
| #define PACKAGE_TARNAME "sofsip-cli"
| #define PACKAGE_VERSION "0.16"
| #define PACKAGE_STRING "sofsip-cli 0.16"
| #define PACKAGE_BUGREPORT ""
| #define PACKAGE "sofsip-cli"
| #define VERSION "0.16"
| #define STDC_HEADERS 1
| #define HAVE_SYS_TYPES_H 1
| #define HAVE_SYS_STAT_H 1
| #define HAVE_STDLIB_H 1
| #define HAVE_STRING_H 1
| #define HAVE_MEMORY_H 1
| #define HAVE_STRINGS_H 1
| #define HAVE_INTTYPES_H 1
| #define HAVE_STDINT_H 1
| #define HAVE_UNISTD_H 1
| #define HAVE_DLFCN_H 1
| #ifdef __cplusplus
| extern "C" void exit (int) throw ();
| #endif
| #define HAVE_LIBPTHREAD 1
| #define HAVE_NETINET_IN_H 1
| /* end confdefs.h.  */
| #include <stdio.h>
| #if HAVE_SYS_TYPES_H
| # include <sys/types.h>
| #endif
| #if HAVE_SYS_STAT_H
| # include <sys/stat.h>
| #endif
| #if STDC_HEADERS
| # include <stdlib.h>
| # include <stddef.h>
| #else
| # if HAVE_STDLIB_H
| #  include <stdlib.h>
| # endif
| #endif
| #if HAVE_STRING_H
| # if !STDC_HEADERS && HAVE_MEMORY_H
| #  include <memory.h>
| # endif
| # include <string.h>
| #endif
| #if HAVE_STRINGS_H
| # include <strings.h>
| #endif
| #if HAVE_INTTYPES_H
| # include <inttypes.h>
| #else
| # if HAVE_STDINT_H
| #  include <stdint.h>
| # endif
| #endif
| #if HAVE_UNISTD_H
| # include <unistd.h>
| #endif
| #include <ws2tcpip.h>
configure:19385: result: no
configure:19389: checking ws2tcpip.h presence
configure:19399: gcc -E  conftest.c
conftest.c:27:22: fatal error: ws2tcpip.h: No such file or directory
compilation terminated.
configure:19405: $? = 1
configure: failed program was:
| /* confdefs.h.  */
| 
| #define PACKAGE_NAME "sofsip-cli"
| #define PACKAGE_TARNAME "sofsip-cli"
| #define PACKAGE_VERSION "0.16"
| #define PACKAGE_STRING "sofsip-cli 0.16"
| #define PACKAGE_BUGREPORT ""
| #define PACKAGE "sofsip-cli"
| #define VERSION "0.16"
| #define STDC_HEADERS 1
| #define HAVE_SYS_TYPES_H 1
| #define HAVE_SYS_STAT_H 1
| #define HAVE_STDLIB_H 1
| #define HAVE_STRING_H 1
| #define HAVE_MEMORY_H 1
| #define HAVE_STRINGS_H 1
| #define HAVE_INTTYPES_H 1
| #define HAVE_STDINT_H 1
| #define HAVE_UNISTD_H 1
| #define HAVE_DLFCN_H 1
| #ifdef __cplusplus
| extern "C" void exit (int) throw ();
| #endif
| #define HAVE_LIBPTHREAD 1
| #define HAVE_NETINET_IN_H 1
| /* end confdefs.h.  */
| #include <ws2tcpip.h>
configure:19425: result: no
configure:19460: checking for ws2tcpip.h
configure:19467: result: no
configure:19532: checking for pkg-config
configure:19550: found /usr/bin/pkg-config
configure:19562: result: /usr/bin/pkg-config
configure:19577: checking pkg-config is at least version 0.9.0
configure:19580: result: yes
configure:19591: checking for GLIB
configure:19599: $PKG_CONFIG --exists --print-errors "glib-2.0 >= 2.12"
configure:19602: $? = 0
configure:19617: $PKG_CONFIG --exists --print-errors "glib-2.0 >= 2.12"
configure:19620: $? = 0
configure:19654: result: yes
configure:19661: checking for GLIB
configure:19902: result: yes
configure:19927: checking for GOBJECT2
configure:19935: $PKG_CONFIG --exists --print-errors "gobject-2.0"
configure:19938: $? = 0
configure:19953: $PKG_CONFIG --exists --print-errors "gobject-2.0"
configure:19956: $? = 0
configure:20032: result: yes
configure:20048: checking for GST
configure:20057: $PKG_CONFIG --exists --print-errors "\
  gstreamer-$GST_MAJORMINOR >= $GST_REQUIRED"
Package gstreamer-0.10 was not found in the pkg-config search path.
Perhaps you should add the directory containing `gstreamer-0.10.pc'
to the PKG_CONFIG_PATH environment variable
No package 'gstreamer-0.10' found
configure:20061: $? = 1
configure:20078: $PKG_CONFIG --exists --print-errors "\
  gstreamer-$GST_MAJORMINOR >= $GST_REQUIRED"
Package gstreamer-0.10 was not found in the pkg-config search path.
Perhaps you should add the directory containing `gstreamer-0.10.pc'
to the PKG_CONFIG_PATH environment variable
No package 'gstreamer-0.10' found
configure:20082: $? = 1
No package 'gstreamer-0.10' found
configure:20130: WARNING: NOTE: no gstreamer development packages found, disabling media support
configure:20237: checking for SOFIA_SIP_UA_GLIB
configure:20245: $PKG_CONFIG --exists --print-errors "sofia-sip-ua-glib >= 1.12.3"
configure:20248: $? = 0
configure:20263: $PKG_CONFIG --exists --print-errors "sofia-sip-ua-glib >= 1.12.3"
configure:20266: $? = 0
configure:20342: result: yes
configure:20353: checking for SOFIA_SIP_UA
configure:20361: $PKG_CONFIG --exists --print-errors "sofia-sip-ua >= 1.11.7work"
configure:20364: $? = 0
configure:20379: $PKG_CONFIG --exists --print-errors "sofia-sip-ua >= 1.11.7work"
configure:20382: $? = 0
configure:20458: result: yes
configure:20469: checking for NICE
configure:20477: $PKG_CONFIG --exists --print-errors "nice >= 0.0.4"
Package nice was not found in the pkg-config search path.
Perhaps you should add the directory containing `nice.pc'
to the PKG_CONFIG_PATH environment variable
No package 'nice' found
configure:20480: $? = 1
configure:20495: $PKG_CONFIG --exists --print-errors "nice >= 0.0.4"
Package nice was not found in the pkg-config search path.
Perhaps you should add the directory containing `nice.pc'
to the PKG_CONFIG_PATH environment variable
No package 'nice' found
configure:20498: $? = 1
No package 'nice' found
configure:20578: checking readline/readline.h usability
configure:20590: gcc -c -g -O2  conftest.c >&5
configure:20596: $? = 0
configure:20599: test -z 			 || test ! -s conftest.err
configure:20602: $? = 0
configure:20605: test -s conftest.o
configure:20608: $? = 0
configure:20618: result: yes
configure:20622: checking readline/readline.h presence
configure:20632: gcc -E  conftest.c
configure:20638: $? = 0
configure:20658: result: yes
configure:20693: checking for readline/readline.h
configure:20700: result: yes
configure:20727: checking readline/history.h usability
configure:20739: gcc -c -g -O2  conftest.c >&5
configure:20745: $? = 0
configure:20748: test -z 			 || test ! -s conftest.err
configure:20751: $? = 0
configure:20754: test -s conftest.o
configure:20757: $? = 0
configure:20767: result: yes
configure:20771: checking readline/history.h presence
configure:20781: gcc -E  conftest.c
configure:20787: $? = 0
configure:20807: result: yes
configure:20842: checking for readline/history.h
configure:20849: result: yes
configure:20863: checking for tgetnum in -lncurses
configure:20893: gcc -o conftest -g -O2   conftest.c -lncurses  -lpthread  >&5
configure:20899: $? = 0
configure:20902: test -z 			 || test ! -s conftest.err
configure:20905: $? = 0
configure:20908: test -s conftest
configure:20911: $? = 0
configure:20924: result: yes
configure:20936: checking for readline in -lreadline
configure:20966: gcc -o conftest -g -O2   conftest.c -lreadline  -lncurses -lpthread  >&5
configure:20972: $? = 0
configure:20975: test -z 			 || test ! -s conftest.err
configure:20978: $? = 0
configure:20981: test -s conftest
configure:20984: $? = 0
configure:20997: result: yes
configure:21033: checking for ANSI C header files
configure:21188: result: yes
configure:21212: checking pthread.h usability
configure:21224: gcc -c -g -O2  conftest.c >&5
configure:21230: $? = 0
configure:21233: test -z 			 || test ! -s conftest.err
configure:21236: $? = 0
configure:21239: test -s conftest.o
configure:21242: $? = 0
configure:21252: result: yes
configure:21256: checking pthread.h presence
configure:21266: gcc -E  conftest.c
configure:21272: $? = 0
configure:21292: result: yes
configure:21327: checking for pthread.h
configure:21334: result: yes
configure:21352: checking for stdint.h
configure:21357: result: yes
configure:21501: checking for inttypes.h
configure:21506: result: yes
configure:21651: checking for unistd.h
configure:21656: result: yes
configure:21660: checking sched.h usability
configure:21672: gcc -c -g -O2  conftest.c >&5
configure:21678: $? = 0
configure:21681: test -z 			 || test ! -s conftest.err
configure:21684: $? = 0
configure:21687: test -s conftest.o
configure:21690: $? = 0
configure:21700: result: yes
configure:21704: checking sched.h presence
configure:21714: gcc -E  conftest.c
configure:21720: $? = 0
configure:21740: result: yes
configure:21775: checking for sched.h
configure:21782: result: yes
configure:21803: checking for sys/types.h
configure:21808: result: yes
configure:21812: checking sys/socket.h usability
configure:21824: gcc -c -g -O2  conftest.c >&5
configure:21830: $? = 0
configure:21833: test -z 			 || test ! -s conftest.err
configure:21836: $? = 0
configure:21839: test -s conftest.o
configure:21842: $? = 0
configure:21852: result: yes
configure:21856: checking sys/socket.h presence
configure:21866: gcc -E  conftest.c
configure:21872: $? = 0
configure:21892: result: yes
configure:21927: checking for sys/socket.h
configure:21934: result: yes
configure:21812: checking arpa/inet.h usability
configure:21824: gcc -c -g -O2  conftest.c >&5
configure:21830: $? = 0
configure:21833: test -z 			 || test ! -s conftest.err
configure:21836: $? = 0
configure:21839: test -s conftest.o
configure:21842: $? = 0
configure:21852: result: yes
configure:21856: checking arpa/inet.h presence
configure:21866: gcc -E  conftest.c
configure:21872: $? = 0
configure:21892: result: yes
configure:21927: checking for arpa/inet.h
configure:21934: result: yes
configure:21803: checking for netinet/in.h
configure:21808: result: yes
configure:21948: checking for an ANSI C-conforming const
configure:22015: gcc -c -g -O2  conftest.c >&5
configure:22021: $? = 0
configure:22024: test -z 			 || test ! -s conftest.err
configure:22027: $? = 0
configure:22030: test -s conftest.o
configure:22033: $? = 0
configure:22044: result: yes
configure:22054: checking whether byte ordering is bigendian
configure:22081: gcc -c -g -O2  conftest.c >&5
configure:22087: $? = 0
configure:22090: test -z 			 || test ! -s conftest.err
configure:22093: $? = 0
configure:22096: test -s conftest.o
configure:22099: $? = 0
configure:22123: gcc -c -g -O2  conftest.c >&5
conftest.c: In function 'main':
conftest.c:53:2: error: unknown type name 'not'
conftest.c:53:10: error: expected '=', ',', ';', 'asm' or '__attribute__' before 'endian'
configure:22129: $? = 1
configure: failed program was:
| /* confdefs.h.  */
| 
| #define PACKAGE_NAME "sofsip-cli"
| #define PACKAGE_TARNAME "sofsip-cli"
| #define PACKAGE_VERSION "0.16"
| #define PACKAGE_STRING "sofsip-cli 0.16"
| #define PACKAGE_BUGREPORT ""
| #define PACKAGE "sofsip-cli"
| #define VERSION "0.16"
| #define STDC_HEADERS 1
| #define HAVE_SYS_TYPES_H 1
| #define HAVE_SYS_STAT_H 1
| #define HAVE_STDLIB_H 1
| #define HAVE_STRING_H 1
| #define HAVE_MEMORY_H 1
| #define HAVE_STRINGS_H 1
| #define HAVE_INTTYPES_H 1
| #define HAVE_STDINT_H 1
| #define HAVE_UNISTD_H 1
| #define HAVE_DLFCN_H 1
| #ifdef __cplusplus
| extern "C" void exit (int) throw ();
| #endif
| #define HAVE_LIBPTHREAD 1
| #define HAVE_NETINET_IN_H 1
| #define HAVE_GOPTION 1
| #define HAVE_G_DEBUG 1
| #define HAVE_GLIB 1
| #define HAVE_GST 0
| #define HAVE_READLINE_READLINE_H 1
| #define HAVE_READLINE_HISTORY_H 1
| #define HAVE_LIBNCURSES 1
| #define HAVE_LIBREADLINE 1
| #define SOFSIP_DEFAULT_AUDIO "ALSA"
| #define STDC_HEADERS 1
| #define HAVE_PTHREAD_H 1
| #define HAVE_STDINT_H 1
| #define HAVE_INTTYPES_H 1
| #define HAVE_UNISTD_H 1
| #define HAVE_SCHED_H 1
| #define HAVE_SYS_TYPES_H 1
| #define HAVE_SYS_SOCKET_H 1
| #define HAVE_ARPA_INET_H 1
| #define HAVE_NETINET_IN_H 1
| /* end confdefs.h.  */
| #include <sys/types.h>
| #include <sys/param.h>
| 
| int
| main ()
| {
| #if BYTE_ORDER != BIG_ENDIAN
|  not big endian
| #endif
| 
|   ;
|   return 0;
| }
configure:22262: result: no
configure:22302: gcc -c -g -O2  conftest.c >&5
configure:22308: $? = 0
configure:22311: test -z 			 || test ! -s conftest.err
configure:22314: $? = 0
configure:22317: test -s conftest.o
configure:22320: $? = 0
configure:22472: creating ./config.status

## ---------------- ##
## Cache variables. ##
## ---------------- ##

ac_cv_build=x86_64-unknown-linux-gnu
ac_cv_build_alias=x86_64-unknown-linux-gnu
ac_cv_c_bigendian=no
ac_cv_c_compiler_gnu=yes
ac_cv_c_const=yes
ac_cv_c_func_sched=yes
ac_cv_cxx_compiler_gnu=yes
ac_cv_env_CC_set=
ac_cv_env_CC_value=
ac_cv_env_CFLAGS_set=
ac_cv_env_CFLAGS_value=
ac_cv_env_CPPFLAGS_set=
ac_cv_env_CPPFLAGS_value=
ac_cv_env_CPP_set=
ac_cv_env_CPP_value=
ac_cv_env_CXXCPP_set=
ac_cv_env_CXXCPP_value=
ac_cv_env_CXXFLAGS_set=
ac_cv_env_CXXFLAGS_value=
ac_cv_env_CXX_set=
ac_cv_env_CXX_value=
ac_cv_env_F77_set=
ac_cv_env_F77_value=
ac_cv_env_FARSIGHT_CFLAGS_set=
ac_cv_env_FARSIGHT_CFLAGS_value=
ac_cv_env_FARSIGHT_LIBS_set=
ac_cv_env_FARSIGHT_LIBS_value=
ac_cv_env_FFLAGS_set=
ac_cv_env_FFLAGS_value=
ac_cv_env_GLIB_CFLAGS_set=
ac_cv_env_GLIB_CFLAGS_value=
ac_cv_env_GLIB_LIBS_set=
ac_cv_env_GLIB_LIBS_value=
ac_cv_env_GOBJECT2_CFLAGS_set=
ac_cv_env_GOBJECT2_CFLAGS_value=
ac_cv_env_GOBJECT2_LIBS_set=
ac_cv_env_GOBJECT2_LIBS_value=
ac_cv_env_GST_CFLAGS_set=
ac_cv_env_GST_CFLAGS_value=
ac_cv_env_GST_LIBS_set=
ac_cv_env_GST_LIBS_value=
ac_cv_env_LDFLAGS_set=
ac_cv_env_LDFLAGS_value=
ac_cv_env_NICE_CFLAGS_set=
ac_cv_env_NICE_CFLAGS_value=
ac_cv_env_NICE_LIBS_set=
ac_cv_env_NICE_LIBS_value=
ac_cv_env_PKG_CONFIG_set=
ac_cv_env_PKG_CONFIG_value=
ac_cv_env_SOFIA_SIP_UA_CFLAGS_set=
ac_cv_env_SOFIA_SIP_UA_CFLAGS_value=
ac_cv_env_SOFIA_SIP_UA_GLIB_CFLAGS_set=
ac_cv_env_SOFIA_SIP_UA_GLIB_CFLAGS_value=
ac_cv_env_SOFIA_SIP_UA_GLIB_LIBS_set=
ac_cv_env_SOFIA_SIP_UA_GLIB_LIBS_value=
ac_cv_env_SOFIA_SIP_UA_LIBS_set=
ac_cv_env_SOFIA_SIP_UA_LIBS_value=
ac_cv_env_build_alias_set=
ac_cv_env_build_alias_value=
ac_cv_env_host_alias_set=
ac_cv_env_host_alias_value=
ac_cv_env_target_alias_set=
ac_cv_env_target_alias_value=
ac_cv_exeext=
ac_cv_f77_compiler_gnu=no
ac_cv_header_arpa_inet_h=yes
ac_cv_header_dlfcn_h=yes
ac_cv_header_inttypes_h=yes
ac_cv_header_memory_h=yes
ac_cv_header_netinet_in_h=yes
ac_cv_header_pthread_h=yes
ac_cv_header_readline_history_h=yes
ac_cv_header_readline_readline_h=yes
ac_cv_header_sched_h=yes
ac_cv_header_stdc=yes
ac_cv_header_stdint_h=yes
ac_cv_header_stdlib_h=yes
ac_cv_header_string_h=yes
ac_cv_header_strings_h=yes
ac_cv_header_sys_socket_h=yes
ac_cv_header_sys_stat_h=yes
ac_cv_header_sys_types_h=yes
ac_cv_header_unistd_h=yes
ac_cv_header_winsock2_h=no
ac_cv_header_ws2tcpip_h=no
ac_cv_host=x86_64-unknown-linux-gnu
ac_cv_host_alias=x86_64-unknown-linux-gnu
ac_cv_lib_ncurses_tgetnum=yes
ac_cv_lib_pthread_pthread_create=yes
ac_cv_lib_readline_readline=yes
ac_cv_objext=o
ac_cv_path_ac_pt_PKG_CONFIG=/usr/bin/pkg-config
ac_cv_path_install='/usr/bin/install -c'
ac_cv_prog_AWK=mawk
ac_cv_prog_CPP='gcc -E'
ac_cv_prog_CXXCPP='g++ -E'
ac_cv_prog_ETAGS=etags
ac_cv_prog_ac_ct_AR=ar
ac_cv_prog_ac_ct_CC=gcc
ac_cv_prog_ac_ct_CXX=g++
ac_cv_prog_ac_ct_LD=ld
ac_cv_prog_ac_ct_RANLIB=ranlib
ac_cv_prog_ac_ct_STRIP=strip
ac_cv_prog_cc_g=yes
ac_cv_prog_cc_stdc=
ac_cv_prog_cxx_g=yes
ac_cv_prog_egrep='grep -E'
ac_cv_prog_f77_g=no
ac_cv_prog_make_make_set=yes
am_cv_CC_dependencies_compiler_type=gcc3
am_cv_CXX_dependencies_compiler_type=gcc3
lt_cv_deplibs_check_method=pass_all
lt_cv_file_magic_cmd='$MAGIC_CMD'
lt_cv_file_magic_test_file=
lt_cv_ld_reload_flag=-r
lt_cv_objdir=.libs
lt_cv_path_LD=ld
lt_cv_path_LDCXX='ld -m elf_x86_64'
lt_cv_path_NM='/usr/bin/nm -B'
lt_cv_path_SED=/bin/sed
lt_cv_prog_compiler_c_o=yes
lt_cv_prog_compiler_c_o_CXX=yes
lt_cv_prog_compiler_rtti_exceptions=no
lt_cv_prog_gnu_ld=yes
lt_cv_prog_gnu_ldcxx=yes
lt_cv_sys_global_symbol_pipe='sed -n -e '\''s/^.*[ 	]\([ABCDGIRSTW][ABCDGIRSTW]*\)[ 	][ 	]*\([_A-Za-z][_A-Za-z0-9]*\)$/\1 \2 \2/p'\'''
lt_cv_sys_global_symbol_to_c_name_address='sed -n -e '\''s/^: \([^ ]*\) $/  {\"\1\", (lt_ptr) 0},/p'\'' -e '\''s/^[BCDEGRST] \([^ ]*\) \([^ ]*\)$/  {"\2", (lt_ptr) \&\2},/p'\'''
lt_cv_sys_global_symbol_to_cdecl='sed -n -e '\''s/^. .* \(.*\)$/extern int \1;/p'\'''
lt_cv_sys_max_cmd_len=32768
lt_lt_cv_prog_compiler_c_o='"yes"'
lt_lt_cv_prog_compiler_c_o_CXX='"yes"'
lt_lt_cv_sys_global_symbol_pipe='"sed -n -e '\''s/^.*[ 	]\\([ABCDGIRSTW][ABCDGIRSTW]*\\)[ 	][ 	]*\\([_A-Za-z][_A-Za-z0-9]*\\)\$/\\1 \\2 \\2/p'\''"'
lt_lt_cv_sys_global_symbol_to_c_name_address='"sed -n -e '\''s/^: \\([^ ]*\\) \$/  {\\\"\\1\\\", (lt_ptr) 0},/p'\'' -e '\''s/^[BCDEGRST] \\([^ ]*\\) \\([^ ]*\\)\$/  {\"\\2\", (lt_ptr) \\&\\2},/p'\''"'
lt_lt_cv_sys_global_symbol_to_cdecl='"sed -n -e '\''s/^. .* \\(.*\\)\$/extern int \\1;/p'\''"'
pkg_cv_GLIB_CFLAGS='-I/usr/include/glib-2.0 -I/usr/lib/x86_64-linux-gnu/glib-2.0/include  '
pkg_cv_GLIB_LIBS='-lglib-2.0  '
pkg_cv_GOBJECT2_CFLAGS='-I/usr/include/glib-2.0 -I/usr/lib/x86_64-linux-gnu/glib-2.0/include  '
pkg_cv_GOBJECT2_LIBS='-lgobject-2.0 -lglib-2.0  '
pkg_cv_SOFIA_SIP_UA_CFLAGS='-I/usr/include/sofia-sip-1.12  '
pkg_cv_SOFIA_SIP_UA_GLIB_CFLAGS='-I/usr/include/glib-2.0 -I/usr/lib/x86_64-linux-gnu/glib-2.0/include -I/usr/include/sofia-sip-1.12  '
pkg_cv_SOFIA_SIP_UA_GLIB_LIBS='-lsofia-sip-ua-glib -lsofia-sip-ua -lglib-2.0  '
pkg_cv_SOFIA_SIP_UA_LIBS='-lsofia-sip-ua  '

## ----------------- ##
## Output variables. ##
## ----------------- ##

ACLOCAL='${SHELL} /home/russells/dev/sipclient/sofsip-cli-0.16/missing --run aclocal-1.9'
AMDEPBACKSLASH='\'
AMDEP_FALSE='#'
AMDEP_TRUE=''
AMTAR='${SHELL} /home/russells/dev/sipclient/sofsip-cli-0.16/missing --run tar'
AR='ar'
AUTOCONF='${SHELL} /home/russells/dev/sipclient/sofsip-cli-0.16/missing --run autoconf'
AUTOHEADER='${SHELL} /home/russells/dev/sipclient/sofsip-cli-0.16/missing --run autoheader'
AUTOMAKE='${SHELL} /home/russells/dev/sipclient/sofsip-cli-0.16/missing --run automake-1.9'
AWK='mawk'
BUILD_NICE_TESTER_FALSE=''
BUILD_NICE_TESTER_TRUE='#'
CC='gcc'
CCDEPMODE='depmode=gcc3'
CFLAGS='-g -O2'
CPP='gcc -E'
CPPFLAGS=''
CXX='g++'
CXXCPP='g++ -E'
CXXDEPMODE='depmode=gcc3'
CXXFLAGS='-g -O2'
CYGPATH_W='echo'
DEFS='-DHAVE_CONFIG_H'
DEPDIR='.deps'
ECHO='echo'
ECHO_C=''
ECHO_N='-n'
ECHO_T=''
EGREP='grep -E'
ETAGS='etags'
EXEEXT=''
F77=''
FARSIGHT_CFLAGS=''
FARSIGHT_LIBS=''
FFLAGS=''
GLIB_CFLAGS='-I/usr/include/glib-2.0 -I/usr/lib/x86_64-linux-gnu/glib-2.0/include  '
GLIB_LIBS='-lglib-2.0  '
GOBJECT2_CFLAGS='-I/usr/include/glib-2.0 -I/usr/lib/x86_64-linux-gnu/glib-2.0/include  '
GOBJECT2_LIBS='-lgobject-2.0 -lglib-2.0  '
GOBJECT2_VERSION=''
GST_CFLAGS=''
GST_LIBS=''
GST_MAJORMINOR='0.10'
INSTALL_DATA='${INSTALL} -m 644'
INSTALL_PROGRAM='${INSTALL}'
INSTALL_SCRIPT='${INSTALL}'
INSTALL_STRIP_PROGRAM='${SHELL} $(install_sh) -c -s'
LD='ld -m elf_x86_64'
LDFLAGS=''
LIBOBJS=''
LIBS='-lreadline -lncurses -lpthread '
LIBTOOL='$(SHELL) $(top_builddir)/libtool'
LN_S='ln -s'
LTLIBOBJS=''
MAINT='#'
MAINTAINER_MODE_FALSE=''
MAINTAINER_MODE_TRUE='#'
MAKEINFO='${SHELL} /home/russells/dev/sipclient/sofsip-cli-0.16/missing --run makeinfo'
NICE_CFLAGS=''
NICE_LIBS=''
NICE_VERSION=''
OBJEXT='o'
PACKAGE='sofsip-cli'
PACKAGE_BUGREPORT=''
PACKAGE_NAME='sofsip-cli'
PACKAGE_STRING='sofsip-cli 0.16'
PACKAGE_TARNAME='sofsip-cli'
PACKAGE_VERSION='0.16'
PATH_SEPARATOR=':'
PKG_CONFIG='/usr/bin/pkg-config'
RANLIB='ranlib'
SET_MAKE=''
SHELL='/bin/sh'
SOFIA_SIP_UA_CFLAGS='-I/usr/include/sofia-sip-1.12  '
SOFIA_SIP_UA_GLIB_CFLAGS='-I/usr/include/glib-2.0 -I/usr/lib/x86_64-linux-gnu/glib-2.0/include -I/usr/include/sofia-sip-1.12  '
SOFIA_SIP_UA_GLIB_LIBS='-lsofia-sip-ua-glib -lsofia-sip-ua -lglib-2.0  '
SOFIA_SIP_UA_GLIB_VERSION=''
SOFIA_SIP_UA_LIBS='-lsofia-sip-ua  '
SOFIA_SIP_UA_VERSION=''
STRIP='strip'
VERSION='0.16'
ac_ct_AR='ar'
ac_ct_CC='gcc'
ac_ct_CXX='g++'
ac_ct_F77=''
ac_ct_LD='ld'
ac_ct_RANLIB='ranlib'
ac_ct_STRIP='strip'
ac_pt_PKG_CONFIG='/usr/bin/pkg-config'
am__fastdepCC_FALSE='#'
am__fastdepCC_TRUE=''
am__fastdepCXX_FALSE='#'
am__fastdepCXX_TRUE=''
am__include='include'
am__leading_dot='.'
am__quote=''
am__tar='${AMTAR} chof - "$$tardir"'
am__untar='${AMTAR} xf -'
bindir='${exec_prefix}/bin'
build='x86_64-unknown-linux-gnu'
build_alias=''
build_cpu='x86_64'
build_os='linux-gnu'
build_vendor='unknown'
datadir='${prefix}/share'
exec_prefix='${prefix}'
host='x86_64-unknown-linux-gnu'
host_alias=''
host_cpu='x86_64'
host_os='linux-gnu'
host_vendor='unknown'
includedir='${prefix}/include'
infodir='${prefix}/info'
install_sh='/home/russells/dev/sipclient/sofsip-cli-0.16/install-sh'
libdir='${exec_prefix}/lib'
libexecdir='${exec_prefix}/libexec'
localstatedir='${prefix}/var'
mandir='${prefix}/man'
mkdir_p='mkdir -p --'
oldincludedir='/usr/include'
prefix='/usr/local'
program_transform_name='s,x,x,'
sbindir='${exec_prefix}/sbin'
sharedstatedir='${prefix}/com'
sysconfdir='${prefix}/etc'
target_alias=''

## ----------- ##
## confdefs.h. ##
## ----------- ##

#define HAVE_ARPA_INET_H 1
#define HAVE_DLFCN_H 1
#define HAVE_GLIB 1
#define HAVE_GOPTION 1
#define HAVE_GST 0
#define HAVE_G_DEBUG 1
#define HAVE_INTTYPES_H 1
#define HAVE_INTTYPES_H 1
#define HAVE_LIBNCURSES 1
#define HAVE_LIBPTHREAD 1
#define HAVE_LIBREADLINE 1
#define HAVE_MEMORY_H 1
#define HAVE_NETINET_IN_H 1
#define HAVE_NETINET_IN_H 1
#define HAVE_PTHREAD_H 1
#define HAVE_READLINE_HISTORY_H 1
#define HAVE_READLINE_READLINE_H 1
#define HAVE_SCHED_GETSCHEDULER 1
#define HAVE_SCHED_H 1
#define HAVE_STDINT_H 1
#define HAVE_STDINT_H 1
#define HAVE_STDLIB_H 1
#define HAVE_STRINGS_H 1
#define HAVE_STRING_H 1
#define HAVE_SYS_SOCKET_H 1
#define HAVE_SYS_STAT_H 1
#define HAVE_SYS_TYPES_H 1
#define HAVE_SYS_TYPES_H 1
#define HAVE_UNISTD_H 1
#define HAVE_UNISTD_H 1
#define PACKAGE "sofsip-cli"
#define PACKAGE_BUGREPORT ""
#define PACKAGE_NAME "sofsip-cli"
#define PACKAGE_STRING "sofsip-cli 0.16"
#define PACKAGE_TARNAME "sofsip-cli"
#define PACKAGE_VERSION "0.16"
#define SOFSIP_DEFAULT_AUDIO "ALSA"
#define STDC_HEADERS 1
#define STDC_HEADERS 1
#define VERSION "0.16"
#endif
#ifdef __cplusplus
extern "C" void exit (int) throw ();

configure: exit 0

## ---------------------- ##
## Running config.status. ##
## ---------------------- ##

This file was extended by sofsip-cli config.status 0.16, which was
generated by GNU Autoconf 2.59.  Invocation command line was

  CONFIG_FILES    = 
  CONFIG_HEADERS  = 
  CONFIG_LINKS    = 
  CONFIG_COMMANDS = 
  $ ./config.status 

on russells-VirtualBox

config.status:786: creating Makefile
config.status:786: creating doc/Makefile
config.status:786: creating src/Makefile
config.status:786: creating packages/Makefile
config.status:786: creating packages/sofsip-cli.spec
config.status:852: creating config.h
config.status:1202: executing depfiles commands
